[2024-03-25 09:50:59.040] [info] Using configuration file /home/harwiltz/.config/waybar/config.jsonc
[2024-03-25 09:50:59.042] [info] Unable to receive desktop appearance: GDBus.Error:org.freedesktop.DBus.Error.UnknownMethod: No such interface “org.freedesktop.portal.Settings” on object at path /org/freedesktop/portal/desktop
[2024-03-25 09:50:59.042] [info] Using CSS file hurtz-style.css
[2024-03-25 09:50:59.049] [error] <broken file>:1:0Failed to import: Error opening file /home/harwiltz/.config/waybar/hurtz-style.css: No such file or directory
[2024-03-25 09:51:05.101] [info] Using configuration file /home/harwiltz/.config/waybar/config.jsonc
[2024-03-25 09:51:05.103] [info] Unable to receive desktop appearance: GDBus.Error:org.freedesktop.DBus.Error.UnknownMethod: No such interface “org.freedesktop.portal.Settings” on object at path /org/freedesktop/portal/desktop
[2024-03-25 09:51:05.103] [info] Using CSS file hurtz-style.css
[2024-03-25 09:51:05.104] [error] <broken file>:1:0Failed to import: Error opening file /home/harwiltz/.config/waybar/hurtz-style.css: No such file or directory
[2024-03-25 09:54:09.121] [info] Using configuration file /home/harwiltz/.config/waybar/config.jsonc
[2024-03-25 09:54:09.123] [info] Unable to receive desktop appearance: GDBus.Error:org.freedesktop.DBus.Error.UnknownMethod: No such interface “org.freedesktop.portal.Settings” on object at path /org/freedesktop/portal/desktop
[2024-03-25 09:54:09.123] [info] Using CSS file hurtz-style.css
[2024-03-25 09:54:09.124] [error] <broken file>:1:0Failed to import: Error opening file /home/harwiltz/.config/waybar/hurtz-style.css: No such file or directory
[2024-03-25 09:54:25.872] [info] Using configuration file /home/harwiltz/.config/waybar/config.jsonc
[2024-03-25 09:54:25.875] [info] Unable to receive desktop appearance: GDBus.Error:org.freedesktop.DBus.Error.UnknownMethod: No such interface “org.freedesktop.portal.Settings” on object at path /org/freedesktop/portal/desktop
[2024-03-25 09:54:25.875] [info] Using CSS file hurtz-style.css
[2024-03-25 09:54:25.875] [error] <broken file>:1:0Failed to import: Error opening file /home/harwiltz/.config/waybar/hurtz-style.css: No such file or directory
[2024-03-25 09:55:11.104] [info] Using configuration file /home/harwiltz/.config/waybar/config.jsonc
[2024-03-25 09:55:11.107] [info] Unable to receive desktop appearance: GDBus.Error:org.freedesktop.DBus.Error.UnknownMethod: No such interface “org.freedesktop.portal.Settings” on object at path /org/freedesktop/portal/desktop
[2024-03-25 09:55:11.107] [info] Using CSS file hurtz-style.css
[2024-03-25 09:55:11.107] [error] <broken file>:1:0Failed to import: Error opening file /home/harwiltz/.config/waybar/hurtz-style.css: No such file or directory
[2024-03-25 09:55:29.061] [info] Using configuration file /home/harwiltz/.config/waybar/config.jsonc
[2024-03-25 09:55:29.063] [info] Unable to receive desktop appearance: GDBus.Error:org.freedesktop.DBus.Error.UnknownMethod: No such interface “org.freedesktop.portal.Settings” on object at path /org/freedesktop/portal/desktop
[2024-03-25 09:55:29.063] [info] Using CSS file hurtz-styler.css
[2024-03-25 09:55:29.063] [error] <broken file>:1:0Failed to import: Error opening file /home/harwiltz/.config/waybar/hurtz-styler.css: No such file or directory
[2024-03-25 09:56:11.026] [info] Using configuration file config.jsonc
[2024-03-25 09:56:11.028] [info] Unable to receive desktop appearance: GDBus.Error:org.freedesktop.DBus.Error.UnknownMethod: No such interface “org.freedesktop.portal.Settings” on object at path /org/freedesktop/portal/desktop
[2024-03-25 09:56:11.028] [info] Using CSS file hurrtz-style.css
[2024-03-25 09:56:11.029] [error] hurrtz-style.css:19:0expected semicolon
[2024-03-25 09:56:34.806] [info] Using configuration file ./config.jsonc
[2024-03-25 09:56:34.809] [info] Unable to receive desktop appearance: GDBus.Error:org.freedesktop.DBus.Error.UnknownMethod: No such interface “org.freedesktop.portal.Settings” on object at path /org/freedesktop/portal/desktop
[2024-03-25 09:56:34.809] [info] Using CSS file ./hurrtz-style.css
[2024-03-25 09:56:34.809] [error] hurrtz-style.css:19:0expected semicolon
[2024-03-25 09:56:49.336] [info] Using configuration file ./config.jsonc
[2024-03-25 09:56:49.338] [info] Unable to receive desktop appearance: GDBus.Error:org.freedesktop.DBus.Error.UnknownMethod: No such interface “org.freedesktop.portal.Settings” on object at path /org/freedesktop/portal/desktop
[2024-03-25 09:56:49.338] [info] Using CSS file ./hurrtz-style.css
[2024-03-25 09:56:49.347] [info] Hyprland IPC starting
[2024-03-25 09:56:49.352] [info] Loading persistent workspaces from Hyprland workspace rules
[2024-03-25 09:56:49.388] [info] Loading persistent workspaces from Hyprland workspace rules
[2024-03-25 09:56:49.453] [info] Bar configured (width: 1920, height: 34) for output: eDP-1
[2024-03-25 09:56:49.453] [error] Item '': No icon name or pixmap given.
[2024-03-25 09:56:49.479] [info] Bar configured (width: 1920, height: 34) for output: HDMI-A-2

(waybar:11768): Gtk-CRITICAL **: 09:56:49.489: gtk_widget_set_accel_path: assertion 'GTK_IS_ACCEL_GROUP (accel_group)' failed

(waybar:11768): Gtk-CRITICAL **: 09:56:49.489: gtk_widget_add_accelerator: assertion 'GTK_IS_ACCEL_GROUP (accel_group)' failed

(waybar:11768): Gtk-CRITICAL **: 09:56:49.494: gtk_widget_set_accel_path: assertion 'GTK_IS_ACCEL_GROUP (accel_group)' failed

(waybar:11768): Gtk-CRITICAL **: 09:56:49.494: gtk_widget_add_accelerator: assertion 'GTK_IS_ACCEL_GROUP (accel_group)' failed
[2024-03-25 09:58:09.006] [info] Using configuration file ./config.jsonc
[2024-03-25 09:58:09.008] [info] Unable to receive desktop appearance: GDBus.Error:org.freedesktop.DBus.Error.UnknownMethod: No such interface “org.freedesktop.portal.Settings” on object at path /org/freedesktop/portal/desktop
[2024-03-25 09:58:09.008] [info] Using CSS file ./hurrtz-style.css
[2024-03-25 09:58:09.017] [info] Hyprland IPC starting
[2024-03-25 09:58:09.021] [info] Loading persistent workspaces from Hyprland workspace rules
[2024-03-25 09:58:09.056] [info] Loading persistent workspaces from Hyprland workspace rules
[2024-03-25 09:58:09.122] [info] Bar configured (width: 1920, height: 34) for output: eDP-1
[2024-03-25 09:58:09.123] [info] Bar configured (width: 1920, height: 34) for output: HDMI-A-2

(waybar:11957): Gtk-CRITICAL **: 09:58:09.130: gtk_widget_set_accel_path: assertion 'GTK_IS_ACCEL_GROUP (accel_group)' failed

(waybar:11957): Gtk-CRITICAL **: 09:58:09.130: gtk_widget_add_accelerator: assertion 'GTK_IS_ACCEL_GROUP (accel_group)' failed

(waybar:11957): Gtk-CRITICAL **: 09:58:09.133: gtk_widget_set_accel_path: assertion 'GTK_IS_ACCEL_GROUP (accel_group)' failed

(waybar:11957): Gtk-CRITICAL **: 09:58:09.133: gtk_widget_add_accelerator: assertion 'GTK_IS_ACCEL_GROUP (accel_group)' failed
[2024-03-25 09:59:19.195] [info] Using configuration file ./config.jsonc
[2024-03-25 09:59:19.197] [info] Unable to receive desktop appearance: GDBus.Error:org.freedesktop.DBus.Error.UnknownMethod: No such interface “org.freedesktop.portal.Settings” on object at path /org/freedesktop/portal/desktop
[2024-03-25 09:59:19.197] [info] Using CSS file ./hurrtz-style.css
[2024-03-25 09:59:19.209] [info] Hyprland IPC starting
[2024-03-25 09:59:19.214] [info] Loading persistent workspaces from Hyprland workspace rules
[2024-03-25 09:59:19.254] [info] Loading persistent workspaces from Hyprland workspace rules
[2024-03-25 09:59:19.300] [info] Bar configured (width: 1920, height: 34) for output: eDP-1
[2024-03-25 09:59:19.301] [info] Bar configured (width: 1920, height: 34) for output: HDMI-A-2

(waybar:12135): Gtk-CRITICAL **: 09:59:19.309: gtk_widget_set_accel_path: assertion 'GTK_IS_ACCEL_GROUP (accel_group)' failed

(waybar:12135): Gtk-CRITICAL **: 09:59:19.309: gtk_widget_add_accelerator: assertion 'GTK_IS_ACCEL_GROUP (accel_group)' failed

(waybar:12135): Gtk-CRITICAL **: 09:59:19.312: gtk_widget_set_accel_path: assertion 'GTK_IS_ACCEL_GROUP (accel_group)' failed

(waybar:12135): Gtk-CRITICAL **: 09:59:19.312: gtk_widget_add_accelerator: assertion 'GTK_IS_ACCEL_GROUP (accel_group)' failed
[2024-03-25 09:59:42.620] [info] Using configuration file ./config.jsonc
[2024-03-25 09:59:42.622] [info] Unable to receive desktop appearance: GDBus.Error:org.freedesktop.DBus.Error.UnknownMethod: No such interface “org.freedesktop.portal.Settings” on object at path /org/freedesktop/portal/desktop
[2024-03-25 09:59:42.622] [info] Using CSS file ./hurrtz-style.css
[2024-03-25 09:59:42.632] [info] Hyprland IPC starting
[2024-03-25 09:59:42.636] [info] Loading persistent workspaces from Hyprland workspace rules
[2024-03-25 09:59:42.672] [info] Loading persistent workspaces from Hyprland workspace rules
[2024-03-25 09:59:42.723] [info] Bar configured (width: 1920, height: 34) for output: eDP-1
[2024-03-25 09:59:42.723] [info] Bar configured (width: 1920, height: 34) for output: HDMI-A-2

(waybar:12271): Gtk-CRITICAL **: 09:59:42.733: gtk_widget_set_accel_path: assertion 'GTK_IS_ACCEL_GROUP (accel_group)' failed

(waybar:12271): Gtk-CRITICAL **: 09:59:42.733: gtk_widget_add_accelerator: assertion 'GTK_IS_ACCEL_GROUP (accel_group)' failed

(waybar:12271): Gtk-CRITICAL **: 09:59:42.737: gtk_widget_set_accel_path: assertion 'GTK_IS_ACCEL_GROUP (accel_group)' failed

(waybar:12271): Gtk-CRITICAL **: 09:59:42.737: gtk_widget_add_accelerator: assertion 'GTK_IS_ACCEL_GROUP (accel_group)' failed
[2024-03-25 10:00:21.964] [info] Using configuration file ./config.jsonc
[2024-03-25 10:00:21.966] [info] Unable to receive desktop appearance: GDBus.Error:org.freedesktop.DBus.Error.UnknownMethod: No such interface “org.freedesktop.portal.Settings” on object at path /org/freedesktop/portal/desktop
[2024-03-25 10:00:21.966] [info] Using CSS file ./hurrtz-style.css
[2024-03-25 10:00:21.975] [info] Hyprland IPC starting
[2024-03-25 10:00:21.979] [info] Loading persistent workspaces from Hyprland workspace rules
[2024-03-25 10:00:22.014] [info] Loading persistent workspaces from Hyprland workspace rules
[2024-03-25 10:00:22.075] [info] Bar configured (width: 1920, height: 34) for output: eDP-1
[2024-03-25 10:00:22.075] [info] Bar configured (width: 1920, height: 34) for output: HDMI-A-2

(waybar:12368): Gtk-CRITICAL **: 10:00:22.083: gtk_widget_set_accel_path: assertion 'GTK_IS_ACCEL_GROUP (accel_group)' failed

(waybar:12368): Gtk-CRITICAL **: 10:00:22.083: gtk_widget_add_accelerator: assertion 'GTK_IS_ACCEL_GROUP (accel_group)' failed

(waybar:12368): Gtk-CRITICAL **: 10:00:22.085: gtk_widget_set_accel_path: assertion 'GTK_IS_ACCEL_GROUP (accel_group)' failed

(waybar:12368): Gtk-CRITICAL **: 10:00:22.085: gtk_widget_add_accelerator: assertion 'GTK_IS_ACCEL_GROUP (accel_group)' failed
[2024-03-25 10:00:50.738] [info] Using configuration file ./config.jsonc
[2024-03-25 10:00:50.740] [info] Unable to receive desktop appearance: GDBus.Error:org.freedesktop.DBus.Error.UnknownMethod: No such interface “org.freedesktop.portal.Settings” on object at path /org/freedesktop/portal/desktop
[2024-03-25 10:00:50.740] [info] Using CSS file ./hurrtz-style.css
[2024-03-25 10:00:50.750] [info] Hyprland IPC starting
[2024-03-25 10:00:50.755] [info] Loading persistent workspaces from Hyprland workspace rules
[2024-03-25 10:00:50.792] [info] Loading persistent workspaces from Hyprland workspace rules
[2024-03-25 10:00:50.853] [info] Bar configured (width: 1920, height: 34) for output: eDP-1
[2024-03-25 10:00:50.854] [info] Bar configured (width: 1920, height: 34) for output: HDMI-A-2

(waybar:12477): Gtk-CRITICAL **: 10:00:50.862: gtk_widget_set_accel_path: assertion 'GTK_IS_ACCEL_GROUP (accel_group)' failed

(waybar:12477): Gtk-CRITICAL **: 10:00:50.862: gtk_widget_add_accelerator: assertion 'GTK_IS_ACCEL_GROUP (accel_group)' failed

(waybar:12477): Gtk-CRITICAL **: 10:00:50.864: gtk_widget_set_accel_path: assertion 'GTK_IS_ACCEL_GROUP (accel_group)' failed

(waybar:12477): Gtk-CRITICAL **: 10:00:50.864: gtk_widget_add_accelerator: assertion 'GTK_IS_ACCEL_GROUP (accel_group)' failed
[2024-03-25 10:01:14.570] [info] Using configuration file ./config.jsonc
[2024-03-25 10:01:14.572] [info] Unable to receive desktop appearance: GDBus.Error:org.freedesktop.DBus.Error.UnknownMethod: No such interface “org.freedesktop.portal.Settings” on object at path /org/freedesktop/portal/desktop
[2024-03-25 10:01:14.572] [info] Using CSS file ./hurrtz-style.css
[2024-03-25 10:01:14.582] [info] Hyprland IPC starting
[2024-03-25 10:01:14.587] [info] Loading persistent workspaces from Hyprland workspace rules
[2024-03-25 10:01:14.624] [info] Loading persistent workspaces from Hyprland workspace rules
[2024-03-25 10:01:14.693] [info] Bar configured (width: 1920, height: 34) for output: eDP-1
[2024-03-25 10:01:14.694] [info] Bar configured (width: 1920, height: 34) for output: HDMI-A-2

(waybar:12571): Gtk-CRITICAL **: 10:01:14.700: gtk_widget_set_accel_path: assertion 'GTK_IS_ACCEL_GROUP (accel_group)' failed

(waybar:12571): Gtk-CRITICAL **: 10:01:14.700: gtk_widget_add_accelerator: assertion 'GTK_IS_ACCEL_GROUP (accel_group)' failed

(waybar:12571): Gtk-CRITICAL **: 10:01:14.703: gtk_widget_set_accel_path: assertion 'GTK_IS_ACCEL_GROUP (accel_group)' failed

(waybar:12571): Gtk-CRITICAL **: 10:01:14.703: gtk_widget_add_accelerator: assertion 'GTK_IS_ACCEL_GROUP (accel_group)' failed
[2024-03-25 10:01:54.949] [info] Hyprland config reloaded, reinitializing hyprland/workspaces module...
[2024-03-25 10:01:54.956] [info] Loading persistent workspaces from Hyprland workspace rules
[2024-03-25 10:01:54.958] [info] Hyprland config reloaded, reinitializing hyprland/workspaces module...
[2024-03-25 10:01:54.960] [info] Loading persistent workspaces from Hyprland workspace rules
[2024-03-25 10:03:10.076] [error] Item 'Yakuake': Could not find an icon named 'yakuake-symbolic' and no pixmap given.
[2024-03-25 10:03:10.081] [error] Item 'Yakuake': Could not find an icon named 'yakuake-symbolic' and no pixmap given.

(waybar:12571): Gtk-CRITICAL **: 10:03:10.110: gtk_widget_set_accel_path: assertion 'GTK_IS_ACCEL_GROUP (accel_group)' failed

(waybar:12571): Gtk-CRITICAL **: 10:03:10.110: gtk_widget_add_accelerator: assertion 'GTK_IS_ACCEL_GROUP (accel_group)' failed

(waybar:12571): Gtk-CRITICAL **: 10:03:10.112: gtk_widget_set_accel_path: assertion 'GTK_IS_ACCEL_GROUP (accel_group)' failed

(waybar:12571): Gtk-CRITICAL **: 10:03:10.112: gtk_widget_add_accelerator: assertion 'GTK_IS_ACCEL_GROUP (accel_group)' failed

(waybar:12571): Gtk-CRITICAL **: 10:03:10.116: gtk_widget_set_accel_path: assertion 'GTK_IS_ACCEL_GROUP (accel_group)' failed

(waybar:12571): Gtk-CRITICAL **: 10:03:10.116: gtk_widget_add_accelerator: assertion 'GTK_IS_ACCEL_GROUP (accel_group)' failed

(waybar:12571): Gtk-CRITICAL **: 10:03:10.119: gtk_widget_set_accel_path: assertion 'GTK_IS_ACCEL_GROUP (accel_group)' failed

(waybar:12571): Gtk-CRITICAL **: 10:03:10.119: gtk_widget_add_accelerator: assertion 'GTK_IS_ACCEL_GROUP (accel_group)' failed

(waybar:12571): Gtk-CRITICAL **: 10:03:10.121: gtk_widget_set_accel_path: assertion 'GTK_IS_ACCEL_GROUP (accel_group)' failed

(waybar:12571): Gtk-CRITICAL **: 10:03:10.121: gtk_widget_add_accelerator: assertion 'GTK_IS_ACCEL_GROUP (accel_group)' failed

(waybar:12571): Gtk-CRITICAL **: 10:03:10.124: gtk_widget_set_accel_path: assertion 'GTK_IS_ACCEL_GROUP (accel_group)' failed

(waybar:12571): Gtk-CRITICAL **: 10:03:10.125: gtk_widget_add_accelerator: assertion 'GTK_IS_ACCEL_GROUP (accel_group)' failed
[2024-03-25 10:06:06.127] [info] Hyprland config reloaded, reinitializing hyprland/workspaces module...
[2024-03-25 10:06:06.131] [info] Loading persistent workspaces from Hyprland workspace rules
[2024-03-25 10:06:06.133] [info] Hyprland config reloaded, reinitializing hyprland/workspaces module...
[2024-03-25 10:06:06.136] [info] Loading persistent workspaces from Hyprland workspace rules

(waybar:12571): Gtk-CRITICAL **: 10:21:03.384: gtk_widget_set_accel_path: assertion 'GTK_IS_ACCEL_GROUP (accel_group)' failed

(waybar:12571): Gtk-CRITICAL **: 10:21:03.384: gtk_widget_add_accelerator: assertion 'GTK_IS_ACCEL_GROUP (accel_group)' failed

(waybar:12571): Gtk-CRITICAL **: 10:21:03.386: gtk_widget_set_accel_path: assertion 'GTK_IS_ACCEL_GROUP (accel_group)' failed

(waybar:12571): Gtk-CRITICAL **: 10:21:03.386: gtk_widget_add_accelerator: assertion 'GTK_IS_ACCEL_GROUP (accel_group)' failed

(waybar:12571): Gtk-CRITICAL **: 10:41:04.796: gtk_widget_set_accel_path: assertion 'GTK_IS_ACCEL_GROUP (accel_group)' failed

(waybar:12571): Gtk-CRITICAL **: 10:41:04.796: gtk_widget_add_accelerator: assertion 'GTK_IS_ACCEL_GROUP (accel_group)' failed

(waybar:12571): Gtk-CRITICAL **: 10:41:04.798: gtk_widget_set_accel_path: assertion 'GTK_IS_ACCEL_GROUP (accel_group)' failed

(waybar:12571): Gtk-CRITICAL **: 10:41:04.798: gtk_widget_add_accelerator: assertion 'GTK_IS_ACCEL_GROUP (accel_group)' failed

(waybar:12571): Gtk-CRITICAL **: 12:14:40.670: gtk_widget_set_accel_path: assertion 'GTK_IS_ACCEL_GROUP (accel_group)' failed

(waybar:12571): Gtk-CRITICAL **: 12:14:40.670: gtk_widget_add_accelerator: assertion 'GTK_IS_ACCEL_GROUP (accel_group)' failed

(waybar:12571): Gtk-CRITICAL **: 12:14:40.672: gtk_widget_set_accel_path: assertion 'GTK_IS_ACCEL_GROUP (accel_group)' failed

(waybar:12571): Gtk-CRITICAL **: 12:14:40.672: gtk_widget_add_accelerator: assertion 'GTK_IS_ACCEL_GROUP (accel_group)' failed

(waybar:12571): Gtk-CRITICAL **: 12:47:14.236: gtk_widget_set_accel_path: assertion 'GTK_IS_ACCEL_GROUP (accel_group)' failed

(waybar:12571): Gtk-CRITICAL **: 12:47:14.236: gtk_widget_add_accelerator: assertion 'GTK_IS_ACCEL_GROUP (accel_group)' failed

(waybar:12571): Gtk-CRITICAL **: 12:47:14.238: gtk_widget_set_accel_path: assertion 'GTK_IS_ACCEL_GROUP (accel_group)' failed

(waybar:12571): Gtk-CRITICAL **: 12:47:14.238: gtk_widget_add_accelerator: assertion 'GTK_IS_ACCEL_GROUP (accel_group)' failed

(waybar:12571): Gtk-CRITICAL **: 13:05:57.956: gtk_widget_set_accel_path: assertion 'GTK_IS_ACCEL_GROUP (accel_group)' failed

(waybar:12571): Gtk-CRITICAL **: 13:05:57.956: gtk_widget_add_accelerator: assertion 'GTK_IS_ACCEL_GROUP (accel_group)' failed

(waybar:12571): Gtk-CRITICAL **: 13:05:57.959: gtk_widget_set_accel_path: assertion 'GTK_IS_ACCEL_GROUP (accel_group)' failed

(waybar:12571): Gtk-CRITICAL **: 13:05:57.959: gtk_widget_add_accelerator: assertion 'GTK_IS_ACCEL_GROUP (accel_group)' failed

(waybar:12571): Gtk-CRITICAL **: 13:15:01.365: gtk_widget_set_accel_path: assertion 'GTK_IS_ACCEL_GROUP (accel_group)' failed

(waybar:12571): Gtk-CRITICAL **: 13:15:01.365: gtk_widget_add_accelerator: assertion 'GTK_IS_ACCEL_GROUP (accel_group)' failed

(waybar:12571): Gtk-CRITICAL **: 13:15:01.367: gtk_widget_set_accel_path: assertion 'GTK_IS_ACCEL_GROUP (accel_group)' failed

(waybar:12571): Gtk-CRITICAL **: 13:15:01.367: gtk_widget_add_accelerator: assertion 'GTK_IS_ACCEL_GROUP (accel_group)' failed

(waybar:12571): Gtk-CRITICAL **: 13:15:13.636: gtk_widget_set_accel_path: assertion 'GTK_IS_ACCEL_GROUP (accel_group)' failed

(waybar:12571): Gtk-CRITICAL **: 13:15:13.636: gtk_widget_add_accelerator: assertion 'GTK_IS_ACCEL_GROUP (accel_group)' failed

(waybar:12571): Gtk-CRITICAL **: 13:15:13.638: gtk_widget_set_accel_path: assertion 'GTK_IS_ACCEL_GROUP (accel_group)' failed

(waybar:12571): Gtk-CRITICAL **: 13:15:13.638: gtk_widget_add_accelerator: assertion 'GTK_IS_ACCEL_GROUP (accel_group)' failed

(waybar:12571): Gtk-CRITICAL **: 14:28:34.636: gtk_widget_set_accel_path: assertion 'GTK_IS_ACCEL_GROUP (accel_group)' failed

(waybar:12571): Gtk-CRITICAL **: 14:28:34.636: gtk_widget_add_accelerator: assertion 'GTK_IS_ACCEL_GROUP (accel_group)' failed

(waybar:12571): Gtk-CRITICAL **: 14:28:34.638: gtk_widget_set_accel_path: assertion 'GTK_IS_ACCEL_GROUP (accel_group)' failed

(waybar:12571): Gtk-CRITICAL **: 14:28:34.638: gtk_widget_add_accelerator: assertion 'GTK_IS_ACCEL_GROUP (accel_group)' failed

(pavucontrol:92611): Gdk-CRITICAL **: 14:37:36.708: gdk_x11_window_get_xid: assertion 'GDK_IS_X11_WINDOW (window)' failed

(pavucontrol:92611): Gdk-CRITICAL **: 14:37:36.918: gdk_x11_window_get_xid: assertion 'GDK_IS_X11_WINDOW (window)' failed

(pavucontrol:92611): Gdk-CRITICAL **: 14:37:37.035: gdk_x11_window_get_xid: assertion 'GDK_IS_X11_WINDOW (window)' failed

(pavucontrol:92611): Gdk-CRITICAL **: 14:37:37.452: gdk_x11_window_get_xid: assertion 'GDK_IS_X11_WINDOW (window)' failed

(pavucontrol:92611): Gdk-CRITICAL **: 14:37:37.585: gdk_x11_window_get_xid: assertion 'GDK_IS_X11_WINDOW (window)' failed

(pavucontrol:92611): Gdk-CRITICAL **: 14:37:37.693: gdk_x11_window_get_xid: assertion 'GDK_IS_X11_WINDOW (window)' failed

(pavucontrol:92611): Gdk-CRITICAL **: 14:37:37.819: gdk_x11_window_get_xid: assertion 'GDK_IS_X11_WINDOW (window)' failed

(pavucontrol:92611): Gdk-CRITICAL **: 14:37:38.002: gdk_x11_window_get_xid: assertion 'GDK_IS_X11_WINDOW (window)' failed

(pavucontrol:92611): Gdk-CRITICAL **: 14:37:38.354: gdk_x11_window_get_xid: assertion 'GDK_IS_X11_WINDOW (window)' failed

(waybar:12571): Gtk-CRITICAL **: 14:58:39.434: gtk_widget_set_accel_path: assertion 'GTK_IS_ACCEL_GROUP (accel_group)' failed

(waybar:12571): Gtk-CRITICAL **: 14:58:39.434: gtk_widget_add_accelerator: assertion 'GTK_IS_ACCEL_GROUP (accel_group)' failed

(waybar:12571): Gtk-CRITICAL **: 14:58:39.437: gtk_widget_set_accel_path: assertion 'GTK_IS_ACCEL_GROUP (accel_group)' failed

(waybar:12571): Gtk-CRITICAL **: 14:58:39.437: gtk_widget_add_accelerator: assertion 'GTK_IS_ACCEL_GROUP (accel_group)' failed
[2024-03-25 15:18:35.316] [info] Hyprland config reloaded, reinitializing hyprland/workspaces module...
[2024-03-25 15:18:35.326] [info] Loading persistent workspaces from Hyprland workspace rules
[2024-03-25 15:18:35.328] [info] Hyprland config reloaded, reinitializing hyprland/workspaces module...
[2024-03-25 15:18:35.332] [info] Loading persistent workspaces from Hyprland workspace rules
[2024-03-25 15:27:24.907] [info] Using configuration file config.jsonc
[2024-03-25 15:27:24.910] [info] Unable to receive desktop appearance: GDBus.Error:org.freedesktop.DBus.Error.UnknownMethod: No such interface “org.freedesktop.portal.Settings” on object at path /org/freedesktop/portal/desktop
[2024-03-25 15:27:24.910] [info] Using CSS file hurrtz-style.css
[2024-03-25 15:27:24.919] [info] Hyprland IPC starting
[2024-03-25 15:27:24.923] [info] Loading persistent workspaces from Hyprland workspace rules
[2024-03-25 15:27:24.964] [info] Loading persistent workspaces from Hyprland workspace rules
[2024-03-25 15:27:25.015] [info] Bar configured (width: 1920, height: 34) for output: eDP-1
[2024-03-25 15:27:25.016] [info] Bar configured (width: 1920, height: 34) for output: HDMI-A-2

(waybar:109277): Gtk-CRITICAL **: 15:27:25.018: gtk_widget_set_accel_path: assertion 'GTK_IS_ACCEL_GROUP (accel_group)' failed

(waybar:109277): Gtk-CRITICAL **: 15:27:25.018: gtk_widget_add_accelerator: assertion 'GTK_IS_ACCEL_GROUP (accel_group)' failed

(waybar:109277): Gtk-CRITICAL **: 15:27:25.021: gtk_widget_set_accel_path: assertion 'GTK_IS_ACCEL_GROUP (accel_group)' failed

(waybar:109277): Gtk-CRITICAL **: 15:27:25.021: gtk_widget_add_accelerator: assertion 'GTK_IS_ACCEL_GROUP (accel_group)' failed
[2024-03-25 15:27:51.734] [info] Using configuration file config.jsonc
[2024-03-25 15:27:51.737] [info] Unable to receive desktop appearance: GDBus.Error:org.freedesktop.DBus.Error.UnknownMethod: No such interface “org.freedesktop.portal.Settings” on object at path /org/freedesktop/portal/desktop
[2024-03-25 15:27:51.737] [info] Using CSS file hurrtz-style.css
[2024-03-25 15:27:51.746] [info] Hyprland IPC starting
[2024-03-25 15:27:51.750] [info] Loading persistent workspaces from Hyprland workspace rules
[2024-03-25 15:27:51.792] [info] Loading persistent workspaces from Hyprland workspace rules
[2024-03-25 15:27:51.857] [info] Bar configured (width: 1920, height: 34) for output: eDP-1
[2024-03-25 15:27:51.858] [info] Bar configured (width: 1920, height: 34) for output: HDMI-A-2

(waybar:109520): Gtk-CRITICAL **: 15:27:51.860: gtk_widget_set_accel_path: assertion 'GTK_IS_ACCEL_GROUP (accel_group)' failed

(waybar:109520): Gtk-CRITICAL **: 15:27:51.860: gtk_widget_add_accelerator: assertion 'GTK_IS_ACCEL_GROUP (accel_group)' failed

(waybar:109520): Gtk-CRITICAL **: 15:27:51.863: gtk_widget_set_accel_path: assertion 'GTK_IS_ACCEL_GROUP (accel_group)' failed

(waybar:109520): Gtk-CRITICAL **: 15:27:51.863: gtk_widget_add_accelerator: assertion 'GTK_IS_ACCEL_GROUP (accel_group)' failed
[2024-03-25 15:28:03.952] [info] Using configuration file config.jsonc
[2024-03-25 15:28:03.955] [info] Unable to receive desktop appearance: GDBus.Error:org.freedesktop.DBus.Error.UnknownMethod: No such interface “org.freedesktop.portal.Settings” on object at path /org/freedesktop/portal/desktop
[2024-03-25 15:28:03.955] [info] Using CSS file hurrtz-style.css
[2024-03-25 15:28:03.964] [info] Hyprland IPC starting
[2024-03-25 15:28:03.968] [info] Loading persistent workspaces from Hyprland workspace rules
[2024-03-25 15:28:04.016] [info] Loading persistent workspaces from Hyprland workspace rules
[2024-03-25 15:28:04.067] [info] Bar configured (width: 1920, height: 34) for output: eDP-1
[2024-03-25 15:28:04.068] [info] Bar configured (width: 1920, height: 34) for output: HDMI-A-2

(waybar:109688): Gtk-CRITICAL **: 15:28:04.074: gtk_widget_set_accel_path: assertion 'GTK_IS_ACCEL_GROUP (accel_group)' failed

(waybar:109688): Gtk-CRITICAL **: 15:28:04.074: gtk_widget_add_accelerator: assertion 'GTK_IS_ACCEL_GROUP (accel_group)' failed

(waybar:109688): Gtk-CRITICAL **: 15:28:04.078: gtk_widget_set_accel_path: assertion 'GTK_IS_ACCEL_GROUP (accel_group)' failed

(waybar:109688): Gtk-CRITICAL **: 15:28:04.078: gtk_widget_add_accelerator: assertion 'GTK_IS_ACCEL_GROUP (accel_group)' failed

(waybar:109688): Gtk-CRITICAL **: 16:30:38.069: gtk_widget_set_accel_path: assertion 'GTK_IS_ACCEL_GROUP (accel_group)' failed

(waybar:109688): Gtk-CRITICAL **: 16:30:38.069: gtk_widget_add_accelerator: assertion 'GTK_IS_ACCEL_GROUP (accel_group)' failed

(waybar:109688): Gtk-CRITICAL **: 16:30:38.071: gtk_widget_set_accel_path: assertion 'GTK_IS_ACCEL_GROUP (accel_group)' failed

(waybar:109688): Gtk-CRITICAL **: 16:30:38.071: gtk_widget_add_accelerator: assertion 'GTK_IS_ACCEL_GROUP (accel_group)' failed

(waybar:109688): Gtk-CRITICAL **: 16:46:42.974: gtk_widget_set_accel_path: assertion 'GTK_IS_ACCEL_GROUP (accel_group)' failed

(waybar:109688): Gtk-CRITICAL **: 16:46:42.974: gtk_widget_add_accelerator: assertion 'GTK_IS_ACCEL_GROUP (accel_group)' failed

(waybar:109688): Gtk-CRITICAL **: 16:46:42.980: gtk_widget_set_accel_path: assertion 'GTK_IS_ACCEL_GROUP (accel_group)' failed

(waybar:109688): Gtk-CRITICAL **: 16:46:42.980: gtk_widget_add_accelerator: assertion 'GTK_IS_ACCEL_GROUP (accel_group)' failed
[2024-03-25 17:08:48.939] [info] Bar configured (width: 1920, height: 28) for output: eDP-1
[2024-03-25 17:08:48.972] [warning] Requested height: 28 is less than the minimum height: 34 required by the modules
[2024-03-25 17:08:48.972] [info] Bar configured (width: 1920, height: 34) for output: eDP-1

(waybar:109688): Gtk-CRITICAL **: 17:28:22.710: gtk_widget_set_accel_path: assertion 'GTK_IS_ACCEL_GROUP (accel_group)' failed

(waybar:109688): Gtk-CRITICAL **: 17:28:22.710: gtk_widget_add_accelerator: assertion 'GTK_IS_ACCEL_GROUP (accel_group)' failed

(waybar:109688): Gtk-CRITICAL **: 17:28:22.714: gtk_widget_set_accel_path: assertion 'GTK_IS_ACCEL_GROUP (accel_group)' failed

(waybar:109688): Gtk-CRITICAL **: 17:28:22.714: gtk_widget_add_accelerator: assertion 'GTK_IS_ACCEL_GROUP (accel_group)' failed

(waybar:109688): Gtk-CRITICAL **: 17:30:20.842: gtk_widget_set_accel_path: assertion 'GTK_IS_ACCEL_GROUP (accel_group)' failed

(waybar:109688): Gtk-CRITICAL **: 17:30:20.842: gtk_widget_add_accelerator: assertion 'GTK_IS_ACCEL_GROUP (accel_group)' failed

(waybar:109688): Gtk-CRITICAL **: 17:30:20.845: gtk_widget_set_accel_path: assertion 'GTK_IS_ACCEL_GROUP (accel_group)' failed

(waybar:109688): Gtk-CRITICAL **: 17:30:20.845: gtk_widget_add_accelerator: assertion 'GTK_IS_ACCEL_GROUP (accel_group)' failed

(waybar:109688): Gtk-CRITICAL **: 17:31:30.866: gtk_widget_set_accel_path: assertion 'GTK_IS_ACCEL_GROUP (accel_group)' failed

(waybar:109688): Gtk-CRITICAL **: 17:31:30.866: gtk_widget_add_accelerator: assertion 'GTK_IS_ACCEL_GROUP (accel_group)' failed

(waybar:109688): Gtk-CRITICAL **: 17:31:30.868: gtk_widget_set_accel_path: assertion 'GTK_IS_ACCEL_GROUP (accel_group)' failed

(waybar:109688): Gtk-CRITICAL **: 17:31:30.868: gtk_widget_add_accelerator: assertion 'GTK_IS_ACCEL_GROUP (accel_group)' failed

(waybar:109688): Gtk-CRITICAL **: 17:42:37.682: gtk_widget_set_accel_path: assertion 'GTK_IS_ACCEL_GROUP (accel_group)' failed

(waybar:109688): Gtk-CRITICAL **: 17:42:37.682: gtk_widget_add_accelerator: assertion 'GTK_IS_ACCEL_GROUP (accel_group)' failed

(waybar:109688): Gtk-CRITICAL **: 17:42:37.685: gtk_widget_set_accel_path: assertion 'GTK_IS_ACCEL_GROUP (accel_group)' failed

(waybar:109688): Gtk-CRITICAL **: 17:42:37.685: gtk_widget_add_accelerator: assertion 'GTK_IS_ACCEL_GROUP (accel_group)' failed

(waybar:109688): Gtk-CRITICAL **: 17:43:38.570: gtk_widget_set_accel_path: assertion 'GTK_IS_ACCEL_GROUP (accel_group)' failed

(waybar:109688): Gtk-CRITICAL **: 17:43:38.570: gtk_widget_add_accelerator: assertion 'GTK_IS_ACCEL_GROUP (accel_group)' failed

(waybar:109688): Gtk-CRITICAL **: 17:43:38.572: gtk_widget_set_accel_path: assertion 'GTK_IS_ACCEL_GROUP (accel_group)' failed

(waybar:109688): Gtk-CRITICAL **: 17:43:38.572: gtk_widget_add_accelerator: assertion 'GTK_IS_ACCEL_GROUP (accel_group)' failed
[2024-03-25 17:55:00.220] [info] Bar configured (width: 1920, height: 28) for output: eDP-1
[2024-03-25 17:55:00.246] [warning] Requested height: 28 is less than the minimum height: 34 required by the modules
[2024-03-25 17:55:00.246] [info] Bar configured (width: 1920, height: 34) for output: eDP-1

(waybar:109688): Gtk-CRITICAL **: 17:55:24.726: gtk_widget_set_accel_path: assertion 'GTK_IS_ACCEL_GROUP (accel_group)' failed

(waybar:109688): Gtk-CRITICAL **: 17:55:24.726: gtk_widget_add_accelerator: assertion 'GTK_IS_ACCEL_GROUP (accel_group)' failed

(waybar:109688): Gtk-CRITICAL **: 17:55:24.728: gtk_widget_set_accel_path: assertion 'GTK_IS_ACCEL_GROUP (accel_group)' failed

(waybar:109688): Gtk-CRITICAL **: 17:55:24.728: gtk_widget_add_accelerator: assertion 'GTK_IS_ACCEL_GROUP (accel_group)' failed

(waybar:109688): Gtk-CRITICAL **: 17:55:46.838: gtk_widget_set_accel_path: assertion 'GTK_IS_ACCEL_GROUP (accel_group)' failed

(waybar:109688): Gtk-CRITICAL **: 17:55:46.838: gtk_widget_add_accelerator: assertion 'GTK_IS_ACCEL_GROUP (accel_group)' failed

(waybar:109688): Gtk-CRITICAL **: 17:55:46.841: gtk_widget_set_accel_path: assertion 'GTK_IS_ACCEL_GROUP (accel_group)' failed

(waybar:109688): Gtk-CRITICAL **: 17:55:46.841: gtk_widget_add_accelerator: assertion 'GTK_IS_ACCEL_GROUP (accel_group)' failed
[2024-03-25 17:56:07.473] [info] Bar configured (width: 1920, height: 28) for output: eDP-1
[2024-03-25 17:56:07.487] [warning] Requested height: 28 is less than the minimum height: 34 required by the modules
[2024-03-25 17:56:07.487] [info] Bar configured (width: 1920, height: 34) for output: eDP-1
[2024-03-25 18:22:47.271] [info] Hyprland config reloaded, reinitializing hyprland/workspaces module...
[2024-03-25 18:22:47.276] [info] Loading persistent workspaces from Hyprland workspace rules
[2024-03-25 18:22:47.278] [info] Hyprland config reloaded, reinitializing hyprland/workspaces module...
[2024-03-25 18:22:47.281] [info] Loading persistent workspaces from Hyprland workspace rules
[2024-03-25 18:24:24.390] [info] Hyprland config reloaded, reinitializing hyprland/workspaces module...
[2024-03-25 18:24:24.395] [info] Loading persistent workspaces from Hyprland workspace rules
[2024-03-25 18:24:24.399] [info] Hyprland config reloaded, reinitializing hyprland/workspaces module...
[2024-03-25 18:24:24.402] [info] Loading persistent workspaces from Hyprland workspace rules
[2024-03-25 18:24:53.495] [info] Hyprland config reloaded, reinitializing hyprland/workspaces module...
[2024-03-25 18:24:53.499] [info] Loading persistent workspaces from Hyprland workspace rules
[2024-03-25 18:24:53.501] [info] Hyprland config reloaded, reinitializing hyprland/workspaces module...
[2024-03-25 18:24:53.504] [info] Loading persistent workspaces from Hyprland workspace rules
[2024-03-25 18:25:07.594] [info] Hyprland config reloaded, reinitializing hyprland/workspaces module...
[2024-03-25 18:25:07.600] [info] Loading persistent workspaces from Hyprland workspace rules
[2024-03-25 18:25:07.601] [info] Hyprland config reloaded, reinitializing hyprland/workspaces module...
[2024-03-25 18:25:07.604] [info] Loading persistent workspaces from Hyprland workspace rules
[2024-03-25 18:25:35.925] [info] Bar configured (width: 1920, height: 28) for output: eDP-1
[2024-03-25 18:25:35.942] [warning] Requested height: 28 is less than the minimum height: 34 required by the modules
[2024-03-25 18:25:35.942] [info] Bar configured (width: 1920, height: 34) for output: eDP-1
[2024-03-25 18:27:07.710] [info] Hyprland config reloaded, reinitializing hyprland/workspaces module...
[2024-03-25 18:27:07.714] [info] Loading persistent workspaces from Hyprland workspace rules
[2024-03-25 18:27:07.716] [info] Hyprland config reloaded, reinitializing hyprland/workspaces module...
[2024-03-25 18:27:07.719] [info] Loading persistent workspaces from Hyprland workspace rules
[2024-03-25 18:27:37.805] [info] Hyprland config reloaded, reinitializing hyprland/workspaces module...
[2024-03-25 18:27:37.833] [info] Loading persistent workspaces from Hyprland workspace rules
[2024-03-25 18:27:37.835] [info] Hyprland config reloaded, reinitializing hyprland/workspaces module...
[2024-03-25 18:27:37.837] [info] Loading persistent workspaces from Hyprland workspace rules
[2024-03-25 18:28:25.902] [info] Hyprland config reloaded, reinitializing hyprland/workspaces module...
[2024-03-25 18:28:25.907] [info] Loading persistent workspaces from Hyprland workspace rules
[2024-03-25 18:28:25.909] [info] Hyprland config reloaded, reinitializing hyprland/workspaces module...
[2024-03-25 18:28:25.911] [info] Loading persistent workspaces from Hyprland workspace rules
[2024-03-25 18:28:55.993] [info] Hyprland config reloaded, reinitializing hyprland/workspaces module...
[2024-03-25 18:28:56.020] [info] Loading persistent workspaces from Hyprland workspace rules
[2024-03-25 18:28:56.021] [info] Hyprland config reloaded, reinitializing hyprland/workspaces module...
[2024-03-25 18:28:56.024] [info] Loading persistent workspaces from Hyprland workspace rules
[2024-03-25 18:29:22.085] [info] Hyprland config reloaded, reinitializing hyprland/workspaces module...
[2024-03-25 18:29:22.089] [info] Loading persistent workspaces from Hyprland workspace rules
[2024-03-25 18:29:22.091] [info] Hyprland config reloaded, reinitializing hyprland/workspaces module...
[2024-03-25 18:29:22.094] [info] Loading persistent workspaces from Hyprland workspace rules
[2024-03-25 18:31:04.200] [info] Hyprland config reloaded, reinitializing hyprland/workspaces module...
[2024-03-25 18:31:04.204] [info] Loading persistent workspaces from Hyprland workspace rules
[2024-03-25 18:31:04.206] [info] Hyprland config reloaded, reinitializing hyprland/workspaces module...
[2024-03-25 18:31:04.208] [info] Loading persistent workspaces from Hyprland workspace rules
[2024-03-25 18:31:30.292] [info] Hyprland config reloaded, reinitializing hyprland/workspaces module...
[2024-03-25 18:31:30.297] [info] Loading persistent workspaces from Hyprland workspace rules
[2024-03-25 18:31:30.299] [info] Hyprland config reloaded, reinitializing hyprland/workspaces module...
[2024-03-25 18:31:30.302] [info] Loading persistent workspaces from Hyprland workspace rules
[2024-03-25 18:32:10.386] [info] Hyprland config reloaded, reinitializing hyprland/workspaces module...
[2024-03-25 18:32:10.390] [info] Loading persistent workspaces from Hyprland workspace rules
[2024-03-25 18:32:10.392] [info] Hyprland config reloaded, reinitializing hyprland/workspaces module...
[2024-03-25 18:32:10.395] [info] Loading persistent workspaces from Hyprland workspace rules
[2024-03-25 18:32:55.502] [info] Hyprland config reloaded, reinitializing hyprland/workspaces module...
[2024-03-25 18:32:55.505] [info] Loading persistent workspaces from Hyprland workspace rules
[2024-03-25 18:32:55.507] [info] Hyprland config reloaded, reinitializing hyprland/workspaces module...
[2024-03-25 18:32:55.510] [info] Loading persistent workspaces from Hyprland workspace rules
[2024-03-25 18:33:18.594] [info] Hyprland config reloaded, reinitializing hyprland/workspaces module...
[2024-03-25 18:33:18.598] [info] Loading persistent workspaces from Hyprland workspace rules
[2024-03-25 18:33:18.600] [info] Hyprland config reloaded, reinitializing hyprland/workspaces module...
[2024-03-25 18:33:18.603] [info] Loading persistent workspaces from Hyprland workspace rules
[2024-03-25 18:33:24.682] [info] Hyprland config reloaded, reinitializing hyprland/workspaces module...
[2024-03-25 18:33:24.686] [info] Loading persistent workspaces from Hyprland workspace rules
[2024-03-25 18:33:24.688] [info] Hyprland config reloaded, reinitializing hyprland/workspaces module...
[2024-03-25 18:33:24.690] [info] Loading persistent workspaces from Hyprland workspace rules
[2024-03-25 18:33:37.772] [info] Hyprland config reloaded, reinitializing hyprland/workspaces module...
[2024-03-25 18:33:37.776] [info] Loading persistent workspaces from Hyprland workspace rules
[2024-03-25 18:33:37.778] [info] Hyprland config reloaded, reinitializing hyprland/workspaces module...
[2024-03-25 18:33:37.780] [info] Loading persistent workspaces from Hyprland workspace rules
[2024-03-25 18:33:53.879] [info] Hyprland config reloaded, reinitializing hyprland/workspaces module...
[2024-03-25 18:33:53.882] [info] Loading persistent workspaces from Hyprland workspace rules
[2024-03-25 18:33:53.884] [info] Hyprland config reloaded, reinitializing hyprland/workspaces module...
[2024-03-25 18:33:53.887] [info] Loading persistent workspaces from Hyprland workspace rules
[2024-03-25 18:34:48.985] [info] Hyprland config reloaded, reinitializing hyprland/workspaces module...
[2024-03-25 18:34:48.992] [info] Loading persistent workspaces from Hyprland workspace rules
[2024-03-25 18:34:48.994] [info] Hyprland config reloaded, reinitializing hyprland/workspaces module...
[2024-03-25 18:34:48.997] [info] Loading persistent workspaces from Hyprland workspace rules
[2024-03-25 18:35:00.088] [info] Hyprland config reloaded, reinitializing hyprland/workspaces module...
[2024-03-25 18:35:00.093] [info] Loading persistent workspaces from Hyprland workspace rules
[2024-03-25 18:35:00.095] [info] Hyprland config reloaded, reinitializing hyprland/workspaces module...
[2024-03-25 18:35:00.097] [info] Loading persistent workspaces from Hyprland workspace rules
[2024-03-25 18:35:20.176] [info] Hyprland config reloaded, reinitializing hyprland/workspaces module...
[2024-03-25 18:35:20.180] [info] Loading persistent workspaces from Hyprland workspace rules
[2024-03-25 18:35:20.182] [info] Hyprland config reloaded, reinitializing hyprland/workspaces module...
[2024-03-25 18:35:20.185] [info] Loading persistent workspaces from Hyprland workspace rules
[2024-03-25 18:35:57.283] [info] Hyprland config reloaded, reinitializing hyprland/workspaces module...
[2024-03-25 18:35:57.288] [info] Loading persistent workspaces from Hyprland workspace rules
[2024-03-25 18:35:57.290] [info] Hyprland config reloaded, reinitializing hyprland/workspaces module...
[2024-03-25 18:35:57.292] [info] Loading persistent workspaces from Hyprland workspace rules
[2024-03-25 18:36:06.370] [info] Hyprland config reloaded, reinitializing hyprland/workspaces module...
[2024-03-25 18:36:06.374] [info] Loading persistent workspaces from Hyprland workspace rules
[2024-03-25 18:36:06.376] [info] Hyprland config reloaded, reinitializing hyprland/workspaces module...
[2024-03-25 18:36:06.378] [info] Loading persistent workspaces from Hyprland workspace rules

(waybar:109688): Gtk-CRITICAL **: 18:37:50.513: gtk_widget_set_accel_path: assertion 'GTK_IS_ACCEL_GROUP (accel_group)' failed

(waybar:109688): Gtk-CRITICAL **: 18:37:50.513: gtk_widget_add_accelerator: assertion 'GTK_IS_ACCEL_GROUP (accel_group)' failed

(waybar:109688): Gtk-CRITICAL **: 18:37:50.515: gtk_widget_set_accel_path: assertion 'GTK_IS_ACCEL_GROUP (accel_group)' failed

(waybar:109688): Gtk-CRITICAL **: 18:37:50.515: gtk_widget_add_accelerator: assertion 'GTK_IS_ACCEL_GROUP (accel_group)' failed

(waybar:109688): Gtk-CRITICAL **: 18:38:01.190: gtk_widget_set_accel_path: assertion 'GTK_IS_ACCEL_GROUP (accel_group)' failed

(waybar:109688): Gtk-CRITICAL **: 18:38:01.190: gtk_widget_add_accelerator: assertion 'GTK_IS_ACCEL_GROUP (accel_group)' failed

(waybar:109688): Gtk-CRITICAL **: 18:38:01.192: gtk_widget_set_accel_path: assertion 'GTK_IS_ACCEL_GROUP (accel_group)' failed

(waybar:109688): Gtk-CRITICAL **: 18:38:01.192: gtk_widget_add_accelerator: assertion 'GTK_IS_ACCEL_GROUP (accel_group)' failed
[2024-03-25 18:38:01.505] [info] Hyprland config reloaded, reinitializing hyprland/workspaces module...
[2024-03-25 18:38:01.509] [info] Loading persistent workspaces from Hyprland workspace rules
[2024-03-25 18:38:01.511] [info] Hyprland config reloaded, reinitializing hyprland/workspaces module...
[2024-03-25 18:38:01.514] [info] Loading persistent workspaces from Hyprland workspace rules

(waybar:109688): Gtk-CRITICAL **: 18:38:20.535: gtk_widget_set_accel_path: assertion 'GTK_IS_ACCEL_GROUP (accel_group)' failed

(waybar:109688): Gtk-CRITICAL **: 18:38:20.535: gtk_widget_add_accelerator: assertion 'GTK_IS_ACCEL_GROUP (accel_group)' failed

(waybar:109688): Gtk-CRITICAL **: 18:38:20.538: gtk_widget_set_accel_path: assertion 'GTK_IS_ACCEL_GROUP (accel_group)' failed

(waybar:109688): Gtk-CRITICAL **: 18:38:20.538: gtk_widget_add_accelerator: assertion 'GTK_IS_ACCEL_GROUP (accel_group)' failed
[2024-03-25 18:38:34.595] [info] Hyprland config reloaded, reinitializing hyprland/workspaces module...
[2024-03-25 18:38:34.598] [info] Loading persistent workspaces from Hyprland workspace rules
[2024-03-25 18:38:34.600] [info] Hyprland config reloaded, reinitializing hyprland/workspaces module...
[2024-03-25 18:38:34.602] [info] Loading persistent workspaces from Hyprland workspace rules
[2024-03-25 18:39:27.693] [info] Hyprland config reloaded, reinitializing hyprland/workspaces module...
[2024-03-25 18:39:27.697] [info] Loading persistent workspaces from Hyprland workspace rules
[2024-03-25 18:39:27.698] [info] Hyprland config reloaded, reinitializing hyprland/workspaces module...
[2024-03-25 18:39:27.701] [info] Loading persistent workspaces from Hyprland workspace rules

(waybar:109688): Gtk-CRITICAL **: 18:41:51.696: gtk_widget_set_accel_path: assertion 'GTK_IS_ACCEL_GROUP (accel_group)' failed

(waybar:109688): Gtk-CRITICAL **: 18:41:51.696: gtk_widget_add_accelerator: assertion 'GTK_IS_ACCEL_GROUP (accel_group)' failed

(waybar:109688): Gtk-CRITICAL **: 18:41:51.698: gtk_widget_set_accel_path: assertion 'GTK_IS_ACCEL_GROUP (accel_group)' failed

(waybar:109688): Gtk-CRITICAL **: 18:41:51.698: gtk_widget_add_accelerator: assertion 'GTK_IS_ACCEL_GROUP (accel_group)' failed
[2024-03-25 18:42:18.164] [info] Bar configured (width: 1920, height: 28) for output: eDP-1
[2024-03-25 18:42:18.178] [warning] Requested height: 28 is less than the minimum height: 34 required by the modules
[2024-03-25 18:42:18.178] [info] Bar configured (width: 1920, height: 34) for output: eDP-1
[2024-03-25 18:44:08.861] [info] Hyprland config reloaded, reinitializing hyprland/workspaces module...
[2024-03-25 18:44:08.871] [info] Loading persistent workspaces from Hyprland workspace rules
[2024-03-25 18:44:08.873] [info] Hyprland config reloaded, reinitializing hyprland/workspaces module...
[2024-03-25 18:44:08.877] [info] Loading persistent workspaces from Hyprland workspace rules

(waybar:109688): Gtk-CRITICAL **: 18:44:20.346: gtk_widget_set_accel_path: assertion 'GTK_IS_ACCEL_GROUP (accel_group)' failed

(waybar:109688): Gtk-CRITICAL **: 18:44:20.346: gtk_widget_add_accelerator: assertion 'GTK_IS_ACCEL_GROUP (accel_group)' failed

(waybar:109688): Gtk-CRITICAL **: 18:44:20.348: gtk_widget_set_accel_path: assertion 'GTK_IS_ACCEL_GROUP (accel_group)' failed

(waybar:109688): Gtk-CRITICAL **: 18:44:20.348: gtk_widget_add_accelerator: assertion 'GTK_IS_ACCEL_GROUP (accel_group)' failed
[2024-03-25 18:44:22.947] [info] Hyprland config reloaded, reinitializing hyprland/workspaces module...
[2024-03-25 18:44:22.961] [info] Loading persistent workspaces from Hyprland workspace rules
[2024-03-25 18:44:22.963] [info] Hyprland config reloaded, reinitializing hyprland/workspaces module...
[2024-03-25 18:44:22.966] [info] Loading persistent workspaces from Hyprland workspace rules
[2024-03-25 18:44:35.033] [info] Hyprland config reloaded, reinitializing hyprland/workspaces module...
[2024-03-25 18:44:35.041] [info] Loading persistent workspaces from Hyprland workspace rules
[2024-03-25 18:44:35.043] [info] Hyprland config reloaded, reinitializing hyprland/workspaces module...
[2024-03-25 18:44:35.047] [info] Loading persistent workspaces from Hyprland workspace rules

(waybar:109688): Gtk-CRITICAL **: 18:44:46.046: gtk_widget_set_accel_path: assertion 'GTK_IS_ACCEL_GROUP (accel_group)' failed

(waybar:109688): Gtk-CRITICAL **: 18:44:46.046: gtk_widget_add_accelerator: assertion 'GTK_IS_ACCEL_GROUP (accel_group)' failed

(waybar:109688): Gtk-CRITICAL **: 18:44:46.048: gtk_widget_set_accel_path: assertion 'GTK_IS_ACCEL_GROUP (accel_group)' failed

(waybar:109688): Gtk-CRITICAL **: 18:44:46.048: gtk_widget_add_accelerator: assertion 'GTK_IS_ACCEL_GROUP (accel_group)' failed
[2024-03-25 18:46:03.139] [info] Hyprland config reloaded, reinitializing hyprland/workspaces module...
[2024-03-25 18:46:03.143] [info] Loading persistent workspaces from Hyprland workspace rules
[2024-03-25 18:46:03.145] [info] Hyprland config reloaded, reinitializing hyprland/workspaces module...
[2024-03-25 18:46:03.148] [info] Loading persistent workspaces from Hyprland workspace rules
[2024-03-25 18:46:33.246] [info] Hyprland config reloaded, reinitializing hyprland/workspaces module...
[2024-03-25 18:46:33.250] [info] Loading persistent workspaces from Hyprland workspace rules
[2024-03-25 18:46:33.252] [info] Hyprland config reloaded, reinitializing hyprland/workspaces module...
[2024-03-25 18:46:33.254] [info] Loading persistent workspaces from Hyprland workspace rules
[2024-03-25 18:46:54.334] [info] Hyprland config reloaded, reinitializing hyprland/workspaces module...
[2024-03-25 18:46:54.337] [info] Loading persistent workspaces from Hyprland workspace rules
[2024-03-25 18:46:54.339] [info] Hyprland config reloaded, reinitializing hyprland/workspaces module...
[2024-03-25 18:46:54.342] [info] Loading persistent workspaces from Hyprland workspace rules
[2024-03-25 18:47:17.442] [info] Hyprland config reloaded, reinitializing hyprland/workspaces module...
[2024-03-25 18:47:17.446] [info] Loading persistent workspaces from Hyprland workspace rules
[2024-03-25 18:47:17.448] [info] Hyprland config reloaded, reinitializing hyprland/workspaces module...
[2024-03-25 18:47:17.450] [info] Loading persistent workspaces from Hyprland workspace rules
[2024-03-25 18:47:30.529] [info] Hyprland config reloaded, reinitializing hyprland/workspaces module...
[2024-03-25 18:47:30.533] [info] Loading persistent workspaces from Hyprland workspace rules
[2024-03-25 18:47:30.535] [info] Hyprland config reloaded, reinitializing hyprland/workspaces module...
[2024-03-25 18:47:30.537] [info] Loading persistent workspaces from Hyprland workspace rules
[2024-03-25 18:47:49.633] [info] Hyprland config reloaded, reinitializing hyprland/workspaces module...
[2024-03-25 18:47:49.641] [info] Loading persistent workspaces from Hyprland workspace rules
[2024-03-25 18:47:49.642] [info] Hyprland config reloaded, reinitializing hyprland/workspaces module...
[2024-03-25 18:47:49.646] [info] Loading persistent workspaces from Hyprland workspace rules
[2024-03-25 18:50:54.776] [info] Hyprland config reloaded, reinitializing hyprland/workspaces module...
[2024-03-25 18:50:54.785] [info] Loading persistent workspaces from Hyprland workspace rules
[2024-03-25 18:50:54.787] [info] Hyprland config reloaded, reinitializing hyprland/workspaces module...
[2024-03-25 18:50:54.790] [info] Loading persistent workspaces from Hyprland workspace rules
[2024-03-25 18:51:13.864] [info] Hyprland config reloaded, reinitializing hyprland/workspaces module...
[2024-03-25 18:51:13.868] [info] Loading persistent workspaces from Hyprland workspace rules
[2024-03-25 18:51:13.871] [info] Hyprland config reloaded, reinitializing hyprland/workspaces module...
[2024-03-25 18:51:13.874] [info] Loading persistent workspaces from Hyprland workspace rules
[2024-03-25 18:51:28.953] [info] Hyprland config reloaded, reinitializing hyprland/workspaces module...
[2024-03-25 18:51:28.957] [info] Loading persistent workspaces from Hyprland workspace rules
[2024-03-25 18:51:28.959] [info] Hyprland config reloaded, reinitializing hyprland/workspaces module...
[2024-03-25 18:51:28.961] [info] Loading persistent workspaces from Hyprland workspace rules

(waybar:109688): Gtk-CRITICAL **: 19:29:21.156: gtk_widget_set_accel_path: assertion 'GTK_IS_ACCEL_GROUP (accel_group)' failed

(waybar:109688): Gtk-CRITICAL **: 19:29:21.157: gtk_widget_add_accelerator: assertion 'GTK_IS_ACCEL_GROUP (accel_group)' failed

(waybar:109688): Gtk-CRITICAL **: 19:29:21.159: gtk_widget_set_accel_path: assertion 'GTK_IS_ACCEL_GROUP (accel_group)' failed

(waybar:109688): Gtk-CRITICAL **: 19:29:21.159: gtk_widget_add_accelerator: assertion 'GTK_IS_ACCEL_GROUP (accel_group)' failed

(waybar:109688): Gtk-CRITICAL **: 19:45:12.858: gtk_widget_set_accel_path: assertion 'GTK_IS_ACCEL_GROUP (accel_group)' failed

(waybar:109688): Gtk-CRITICAL **: 19:45:12.858: gtk_widget_add_accelerator: assertion 'GTK_IS_ACCEL_GROUP (accel_group)' failed

(waybar:109688): Gtk-CRITICAL **: 19:45:12.860: gtk_widget_set_accel_path: assertion 'GTK_IS_ACCEL_GROUP (accel_group)' failed

(waybar:109688): Gtk-CRITICAL **: 19:45:12.860: gtk_widget_add_accelerator: assertion 'GTK_IS_ACCEL_GROUP (accel_group)' failed
[2024-03-25 20:07:38.470] [info] Bar removed from output: HDMI-A-2
[2024-03-25 21:01:10.637] [info] Using configuration file config.jsonc
[2024-03-25 21:01:10.647] [info] Unable to receive desktop appearance: GDBus.Error:org.freedesktop.DBus.Error.UnknownMethod: No such interface “org.freedesktop.portal.Settings” on object at path /org/freedesktop/portal/desktop
[2024-03-25 21:01:10.647] [info] Using CSS file hurrtz-style.css
[2024-03-25 21:01:10.649] [error] hurrtz-style.css:81:23'insert' is not a valid color name
[2024-03-25 21:01:28.128] [info] Using configuration file config.jsonc
[2024-03-25 21:01:28.131] [info] Unable to receive desktop appearance: GDBus.Error:org.freedesktop.DBus.Error.UnknownMethod: No such interface “org.freedesktop.portal.Settings” on object at path /org/freedesktop/portal/desktop
[2024-03-25 21:01:28.131] [info] Using CSS file hurrtz-style.css
[2024-03-25 21:01:28.132] [error] hurrtz-style.css:81:23'insert' is not a valid color name
[2024-03-25 21:01:35.635] [info] Using configuration file config.jsonc
[2024-03-25 21:01:35.637] [info] Unable to receive desktop appearance: GDBus.Error:org.freedesktop.DBus.Error.UnknownMethod: No such interface “org.freedesktop.portal.Settings” on object at path /org/freedesktop/portal/desktop
[2024-03-25 21:01:35.637] [info] Using CSS file hurrtz-style.css
[2024-03-25 21:01:35.638] [error] hurrtz-style.css:81:23'insert' is not a valid color name
[2024-03-25 21:01:44.158] [info] Using configuration file config.jsonc
[2024-03-25 21:01:44.160] [info] Unable to receive desktop appearance: GDBus.Error:org.freedesktop.DBus.Error.UnknownMethod: No such interface “org.freedesktop.portal.Settings” on object at path /org/freedesktop/portal/desktop
[2024-03-25 21:01:44.161] [info] Using CSS file hurrtz-style.css
[2024-03-25 21:01:44.161] [error] hurrtz-style.css:81:23'insert' is not a valid color name
[2024-03-25 21:01:51.625] [info] Using configuration file config.jsonc
[2024-03-25 21:01:51.627] [info] Unable to receive desktop appearance: GDBus.Error:org.freedesktop.DBus.Error.UnknownMethod: No such interface “org.freedesktop.portal.Settings” on object at path /org/freedesktop/portal/desktop
[2024-03-25 21:01:51.628] [info] Using CSS file hurrtz-style.css
[2024-03-25 21:01:51.628] [error] hurrtz-style.css:81:26not a number
[2024-03-25 21:02:35.311] [info] Using configuration file config.jsonc
[2024-03-25 21:02:35.313] [info] Unable to receive desktop appearance: GDBus.Error:org.freedesktop.DBus.Error.UnknownMethod: No such interface “org.freedesktop.portal.Settings” on object at path /org/freedesktop/portal/desktop
[2024-03-25 21:02:35.313] [info] Using CSS file hurrtz-style.css
[2024-03-25 21:02:35.322] [info] Hyprland IPC starting
[2024-03-25 21:02:35.326] [info] Loading persistent workspaces from Hyprland workspace rules
[2024-03-25 21:02:35.369] [info] Loading persistent workspaces from Hyprland workspace rules
[2024-03-25 21:02:35.427] [info] Bar configured (width: 1920, height: 34) for output: eDP-1
[2024-03-25 21:02:35.428] [info] Bar configured (width: 1920, height: 34) for output: HDMI-A-2

(waybar:20740): Gtk-CRITICAL **: 21:02:35.439: gtk_widget_set_accel_path: assertion 'GTK_IS_ACCEL_GROUP (accel_group)' failed

(waybar:20740): Gtk-CRITICAL **: 21:02:35.439: gtk_widget_add_accelerator: assertion 'GTK_IS_ACCEL_GROUP (accel_group)' failed

(waybar:20740): Gtk-CRITICAL **: 21:02:35.443: gtk_widget_set_accel_path: assertion 'GTK_IS_ACCEL_GROUP (accel_group)' failed

(waybar:20740): Gtk-CRITICAL **: 21:02:35.443: gtk_widget_add_accelerator: assertion 'GTK_IS_ACCEL_GROUP (accel_group)' failed
[2024-03-25 21:02:55.648] [info] Bar configured (width: 1920, height: 28) for output: eDP-1
[2024-03-25 21:02:55.658] [warning] Requested height: 28 is less than the minimum height: 34 required by the modules
[2024-03-25 21:02:55.658] [info] Bar configured (width: 1920, height: 34) for output: eDP-1

(waybar:20740): Gtk-CRITICAL **: 21:02:59.612: gtk_widget_set_accel_path: assertion 'GTK_IS_ACCEL_GROUP (accel_group)' failed

(waybar:20740): Gtk-CRITICAL **: 21:02:59.612: gtk_widget_add_accelerator: assertion 'GTK_IS_ACCEL_GROUP (accel_group)' failed

(waybar:20740): Gtk-CRITICAL **: 21:02:59.618: gtk_widget_set_accel_path: assertion 'GTK_IS_ACCEL_GROUP (accel_group)' failed

(waybar:20740): Gtk-CRITICAL **: 21:02:59.618: gtk_widget_add_accelerator: assertion 'GTK_IS_ACCEL_GROUP (accel_group)' failed
[2024-03-25 21:03:31.710] [info] Using configuration file config.jsonc
[2024-03-25 21:03:31.713] [info] Unable to receive desktop appearance: GDBus.Error:org.freedesktop.DBus.Error.UnknownMethod: No such interface “org.freedesktop.portal.Settings” on object at path /org/freedesktop/portal/desktop
[2024-03-25 21:03:31.713] [info] Using CSS file hurrtz-style.css
[2024-03-25 21:03:31.725] [info] Hyprland IPC starting
[2024-03-25 21:03:31.729] [info] Loading persistent workspaces from Hyprland workspace rules
[2024-03-25 21:03:31.770] [info] Loading persistent workspaces from Hyprland workspace rules
[2024-03-25 21:03:31.833] [info] Bar configured (width: 1920, height: 34) for output: eDP-1
[2024-03-25 21:03:31.833] [error] Item '': No icon name or pixmap given.
[2024-03-25 21:03:31.860] [info] Bar configured (width: 1920, height: 34) for output: HDMI-A-2

(waybar:20970): Gtk-CRITICAL **: 21:03:31.870: gtk_widget_set_accel_path: assertion 'GTK_IS_ACCEL_GROUP (accel_group)' failed

(waybar:20970): Gtk-CRITICAL **: 21:03:31.870: gtk_widget_add_accelerator: assertion 'GTK_IS_ACCEL_GROUP (accel_group)' failed

(waybar:20970): Gtk-CRITICAL **: 21:03:31.873: gtk_widget_set_accel_path: assertion 'GTK_IS_ACCEL_GROUP (accel_group)' failed

(waybar:20970): Gtk-CRITICAL **: 21:03:31.873: gtk_widget_add_accelerator: assertion 'GTK_IS_ACCEL_GROUP (accel_group)' failed
